C51 COMPILER V9.54   DIGITALTUBE                                                           11/24/2025 15:41:07 PAGE 1   


C51 COMPILER V9.54, COMPILATION OF MODULE DIGITALTUBE
OBJECT MODULE PLACED IN .\Objects\DigitalTube.obj
COMPILER INVOKED BY: D:\Program Files\Keil_v5\C51\BIN\C51.EXE DigitalTube.c OPTIMIZE(8,SPEED) BROWSE DEBUG OBJECTEXTEND 
                    -PRINT(.\Listings\DigitalTube.lst) TABS(2) OBJECT(.\Objects\DigitalTube.obj)

line level    source

   1          #include <REGX52.H>
   2          #include "Delay.h"
   3          
   4          DigitalTube_Buf[9]={0,10,10,10,10,10,10,10,10};
   5          
   6          Tube[]={0x3F,0x06,0x5B,0x4F,0x66,0x6D,0x7D,0x07,0x7F,0x67,0x00,0x40};
   7          
   8          void DigitalTube_SetBuf(unsigned char Location,unsigned char Number)
   9          {
  10   1        DigitalTube_Buf[Location]=Number;
  11   1      }
  12          
  13          void DigitalTube_Scan(unsigned char Location,unsigned char Number)
  14          {
  15   1        P0=0x00;
  16   1        switch(Location)
  17   1        {
  18   2          case 1:P2_4=1;P2_3=1;P2_2=1;break;
  19   2          case 2:P2_4=1;P2_3=1;P2_2=0;break;
  20   2          case 3:P2_4=1;P2_3=0;P2_2=1;break;
  21   2          case 4:P2_4=1;P2_3=0;P2_2=0;break;
  22   2          case 5:P2_4=0;P2_3=1;P2_2=1;break;
  23   2          case 6:P2_4=0;P2_3=1;P2_2=0;break;
  24   2          case 7:P2_4=0;P2_3=0;P2_2=1;break;
  25   2          case 8:P2_4=0;P2_3=0;P2_2=0;break;
  26   2        }
  27   1        P0=Tube[Number];
  28   1      }
  29          
  30          
  31          void DigitalTube_Loop()
  32          {
  33   1        static unsigned char i=1;
  34   1        DigitalTube_Scan(i,DigitalTube_Buf[i]);
  35   1        i++;
  36   1        if(i==9) i=1;
  37   1      }


MODULE INFORMATION:   STATIC OVERLAYABLE
   CODE SIZE        =    143    ----
   CONSTANT SIZE    =   ----    ----
   XDATA SIZE       =   ----    ----
   PDATA SIZE       =   ----    ----
   DATA SIZE        =     43    ----
   IDATA SIZE       =   ----    ----
   BIT SIZE         =   ----    ----
END OF MODULE INFORMATION.


C51 COMPILATION COMPLETE.  0 WARNING(S),  0 ERROR(S)
