C51 COMPILER V9.54   DRIVING                                                               12/26/2025 15:12:23 PAGE 1   


C51 COMPILER V9.54, COMPILATION OF MODULE DRIVING
OBJECT MODULE PLACED IN .\Objects\Driving.obj
COMPILER INVOKED BY: D:\Program Files\Keil_v5\C51\BIN\C51.EXE Driving.c OPTIMIZE(8,SPEED) BROWSE DEBUG OBJECTEXTEND PRIN
                    -T(.\Listings\Driving.lst) TABS(2) OBJECT(.\Objects\Driving.obj)

line level    source

   1          #include <REGX52.H>
   2          #include "GrayscaleSensor.h"
   3          #include "Delay.h"
   4          #include "Gyro_PID.h"
   5          #include "UART_JY61P.h"
   6          #include "Motor.h"
   7          #include "Motor_PID.h"
   8          #include "Gyro_PID.h"
   9          
  10          //控制左右轮的函数
  11          void Motor_Set(char sL, char sR) 
  12          {
  13   1        // 左轮
  14   1        if (sL >= 0) 
  15   1        { 
  16   2          MotorB_Forward();  speedB = sL; 
  17   2        }
  18   1        else
  19   1        { 
  20   2          MotorB_Backward(); speedB = -sL; 
  21   2        }
  22   1        
  23   1        // 右轮
  24   1        if (sR >= 0) 
  25   1        { 
  26   2          MotorA_Forward();  speedA = sR; 
  27   2        }
  28   1        else
  29   1        {
  30   2          MotorA_Backward(); speedA = -sR; 
  31   2        }
  32   1      
  33   1        // 限幅
  34   1        if(speedB > 100) speedB = 100;
  35   1        if(speedA > 100) speedA = 100;
  36   1      }
  37          
  38          //判断是否遇到全黑
  39          unsigned char All_Black_Flag()
  40          {
  41   1        if ((val & 0x7E) == 0x7E) return 1;
  42   1        else return 0;
  43   1      }
  44          
  45          //判断是否遇到全白
  46          unsigned char All_White_Flag()
  47          {
  48   1        if (val==0) return 1;
  49   1        else return 0;
  50   1      }
  51          
  52          //遇到横黑线之后向前冲一段距离离开横黑线
  53          void Forward_ABit()
  54          {
C51 COMPILER V9.54   DRIVING                                                               12/26/2025 15:12:23 PAGE 2   

  55   1        Motor_Set(15,15);
  56   1        Delay(100);
  57   1      }
  58          
  59          //声光提示
  60          void AV_Prompt()
  61          {
  62   1        Motor_Set(0,0);
  63   1        P0_0=0;
  64   1        P0_3=0;
  65   1        Delay(200);
  66   1        P0_3=1;
  67   1        P0_0=1;
  68   1      }
  69          
  70          //掉头
  71          void UTurn()
  72          {
  73   1        Motor_Set(-25,25);
  74   1        Delay(250);
  75   1      }
  76          
  77          //向右转90°
  78          void Turn_Right_90()
  79          {
  80   1        short current_yaw;
  81   1        short remaining;
  82   1        
  83   1        while(1)
  84   1        {
  85   2          current_yaw = Get_Relative_Yaw();
  86   2          if(current_yaw < 0) current_yaw = -current_yaw; 
  87   2          
  88   2          // 90度对应的原始数值
  89   2          // 理论值是 16384。
  90   2          // 但考虑到刹车惯性，小车停下时会多转一点。
  91   2          // 目标值设小一点，比如 6500（测试后的数据），靠惯性滑到90度
  92   2          remaining = 6500 - current_yaw;
  93   2          
  94   2          if(remaining <= 0) break;
  95   2          
  96   2          Motor_Set(25, -25);
  97   2        }
  98   1        
  99   1        Motor_Set(-10, 10);
 100   1        Delay(50);
 101   1        Motor_Set(0, 0);
 102   1        Delay(200);
 103   1      }


MODULE INFORMATION:   STATIC OVERLAYABLE
   CODE SIZE        =    225    ----
   CONSTANT SIZE    =   ----    ----
   XDATA SIZE       =   ----    ----
   PDATA SIZE       =   ----    ----
   DATA SIZE        =   ----       2
   IDATA SIZE       =   ----    ----
   BIT SIZE         =   ----    ----
END OF MODULE INFORMATION.


C51 COMPILATION COMPLETE.  0 WARNING(S),  0 ERROR(S)
