C51 COMPILER V9.54   GRAYSCALESENSOR                                                       12/25/2025 19:40:34 PAGE 1   


C51 COMPILER V9.54, COMPILATION OF MODULE GRAYSCALESENSOR
OBJECT MODULE PLACED IN .\Objects\GrayscaleSensor.obj
COMPILER INVOKED BY: D:\Program Files\Keil_v5\C51\BIN\C51.EXE GrayscaleSensor.c OPTIMIZE(8,SPEED) BROWSE DEBUG OBJECTEXT
                    -END PRINT(.\Listings\GrayscaleSensor.lst) TABS(2) OBJECT(.\Objects\GrayscaleSensor.obj)

line level    source

   1          #include <REGX52.H>
   2          #include "I2C.h"
   3          
   4          #define GRAYSCALESENSOR_ADDRESS 0x98
   5          
   6          char val;
   7          
   8          unsigned char GrayscaleSensor_ReadByte()
   9          {
  10   1        unsigned char Data;
  11   1        I2C_Start();
  12   1        I2C_SendByte(GRAYSCALESENSOR_ADDRESS);
  13   1        I2C_ReceiveAck();
  14   1        I2C_Start();
  15   1        I2C_SendByte(GRAYSCALESENSOR_ADDRESS|0x01);
  16   1        I2C_ReceiveAck();
  17   1        Data=I2C_ReceiveByte();
  18   1        I2C_SendAck(1);
  19   1        I2C_Stop();
  20   1        return Data;
  21   1      }
  22          
  23          //更新val
  24          void Get_NewVal()
  25          {
  26   1        val = GrayscaleSensor_ReadByte();
  27   1        val = ~val;
  28   1      }


MODULE INFORMATION:   STATIC OVERLAYABLE
   CODE SIZE        =     47    ----
   CONSTANT SIZE    =   ----    ----
   XDATA SIZE       =   ----    ----
   PDATA SIZE       =   ----    ----
   DATA SIZE        =      1       1
   IDATA SIZE       =   ----    ----
   BIT SIZE         =   ----    ----
END OF MODULE INFORMATION.


C51 COMPILATION COMPLETE.  0 WARNING(S),  0 ERROR(S)
