C51 COMPILER V9.54   KEY                                                                   12/24/2025 19:07:12 PAGE 1   


C51 COMPILER V9.54, COMPILATION OF MODULE KEY
OBJECT MODULE PLACED IN .\Objects\Key.obj
COMPILER INVOKED BY: D:\Program Files\Keil_v5\C51\BIN\C51.EXE Key.c OPTIMIZE(8,SPEED) BROWSE DEBUG OBJECTEXTEND PRINT(.\
                    -Listings\Key.lst) TABS(2) OBJECT(.\Objects\Key.obj)

line level    source

   1          #include <REGX52.H>
   2          #include "Delay.h"
   3          #include "Timer2.h"
   4          
   5          unsigned char Key_KeyNumber;
   6          
   7          unsigned char Key()
   8          {
   9   1        unsigned char Temp=0;
  10   1        Temp=Key_KeyNumber;
  11   1        Key_KeyNumber=0;
  12   1        return Temp;
  13   1      }
  14          
  15          unsigned char Key_GetState()
  16          {
  17   1        unsigned char KeyNumber=0;
  18   1        
  19   1        if(P2_4==0) KeyNumber=1;
  20   1        if(P2_3==0) KeyNumber=2;
  21   1        if(P2_2==0) KeyNumber=3;
  22   1        if(P2_1==0) KeyNumber=4;
  23   1        if(P2_0==0) KeyNumber=5;
  24   1        
  25   1        return KeyNumber;
  26   1      }
  27          
  28          void Key_Loop()
  29          {
  30   1        static unsigned char NowState,LastState;
  31   1        LastState=NowState;
  32   1        NowState=Key_GetState();
  33   1        
  34   1        if(LastState==1&&NowState==0) Key_KeyNumber=1;
  35   1        if(LastState==2&&NowState==0) Key_KeyNumber=2;
  36   1        if(LastState==3&&NowState==0) Key_KeyNumber=3;
  37   1        if(LastState==4&&NowState==0) Key_KeyNumber=4;
  38   1        if(LastState==5&&NowState==0) Key_KeyNumber=5;
  39   1      }
  40          
  41          void Timer2_Routine() interrupt 5
  42          {
  43   1        static unsigned int T2Count;
  44   1        T2Count++;
  45   1        TF2 = 0;
  46   1        if(T2Count>=100)
  47   1        {
  48   2          T2Count=0;
  49   2          Key_Loop();
  50   2        }
  51   1      }


MODULE INFORMATION:   STATIC OVERLAYABLE
C51 COMPILER V9.54   KEY                                                                   12/24/2025 19:07:12 PAGE 2   

   CODE SIZE        =    146    ----
   CONSTANT SIZE    =   ----    ----
   XDATA SIZE       =   ----    ----
   PDATA SIZE       =   ----    ----
   DATA SIZE        =      5    ----
   IDATA SIZE       =   ----    ----
   BIT SIZE         =   ----    ----
END OF MODULE INFORMATION.


C51 COMPILATION COMPLETE.  0 WARNING(S),  0 ERROR(S)
