C51 COMPILER V9.54   MAIN                                                                  12/25/2025 20:40:44 PAGE 1   


C51 COMPILER V9.54, COMPILATION OF MODULE MAIN
OBJECT MODULE PLACED IN .\Objects\main.obj
COMPILER INVOKED BY: D:\Program Files\Keil_v5\C51\BIN\C51.EXE main.c OPTIMIZE(8,SPEED) BROWSE DEBUG OBJECTEXTEND PRINT(.
                    -\Listings\main.lst) TABS(2) OBJECT(.\Objects\main.obj)

line level    source

   1          #include <REGX52.H>
   2          #include "Delay.h"
   3          #include "I2C.h"
   4          #include "GrayscaleSensor.h"
   5          #include "Oled.h"
   6          #include "Home.h"
   7          #include "Menu.h"
   8          #include "Timer2.h"
   9          #include "Task.h"
  10          #include "Motor.h"
  11          #include "UART_JY61P.h"
  12          
  13          unsigned char Status=0;
  14          
  15          void main()
  16          {
  17   1        Motor_Init();
  18   1        OLED_Init();
  19   1        Timer2Init();
  20   1        UART_Init();
  21   1        while(1)
  22   1        {
  23   2          switch(Status)
  24   2          {
  25   3            case 0:Status=Home();break;
  26   3            case 1:Status=Menu();break;
  27   3            case 2:Status=Task1();break;
  28   3            case 3:Status=Task2();break;
  29   3            case 4:Status=Task3();break;
  30   3            case 5:Status=Task4();break;
  31   3            case 6:Status=Task5();break;
  32   3            case 7:Status=Task6();break;
  33   3            case 8:Status=Task7();break;
  34   3          }
  35   2        }
  36   1      }


MODULE INFORMATION:   STATIC OVERLAYABLE
   CODE SIZE        =    116    ----
   CONSTANT SIZE    =   ----    ----
   XDATA SIZE       =   ----    ----
   PDATA SIZE       =   ----    ----
   DATA SIZE        =      1    ----
   IDATA SIZE       =   ----    ----
   BIT SIZE         =   ----    ----
END OF MODULE INFORMATION.


C51 COMPILATION COMPLETE.  0 WARNING(S),  0 ERROR(S)
