C51 COMPILER V9.54   MATRIXKEY                                                             11/26/2025 18:12:32 PAGE 1   


C51 COMPILER V9.54, COMPILATION OF MODULE MATRIXKEY
OBJECT MODULE PLACED IN .\Objects\MatrixKey.obj
COMPILER INVOKED BY: D:\Program Files\Keil_v5\C51\BIN\C51.EXE MatrixKey.c OPTIMIZE(8,SPEED) BROWSE DEBUG OBJECTEXTEND PR
                    -INT(.\Listings\MatrixKey.lst) TABS(2) OBJECT(.\Objects\MatrixKey.obj)

line level    source

   1          #include <REGX52.H>
   2          #include "Delay.h"
   3          
   4          /**
   5            * @brief  Matrix keyboard reads key number.
   6            * @param  none
   7            * @retval KeyNumber The key value of the pressed key.
   8            */
   9          
  10          unsigned char MatrixKey_GetState()
  11          {
  12   1        unsigned char KeyNumber=0;
  13   1        
  14   1        P1=0xFF;
  15   1        
  16   1        P1_3=0;
  17   1        if(P1_7==0) KeyNumber=1;
  18   1        if(P1_6==0) KeyNumber=5;
  19   1        if(P1_5==0) KeyNumber=9;
  20   1        if(P1_4==0) KeyNumber=13;
  21   1        P1_3=1;
  22   1        
  23   1        P1_2=0;
  24   1        if(P1_7==0) KeyNumber=2;
  25   1        if(P1_6==0) KeyNumber=6;
  26   1        if(P1_5==0) KeyNumber=10;
  27   1        if(P1_4==0) KeyNumber=14;
  28   1        P1_2=1;
  29   1        
  30   1        P1_1=0;
  31   1        if(P1_7==0) KeyNumber=3;
  32   1        if(P1_6==0) KeyNumber=7;
  33   1        if(P1_5==0) KeyNumber=11;
  34   1        if(P1_4==0) KeyNumber=15;
  35   1        P1_1=1;
  36   1        
  37   1        P1_0=0;
  38   1        if(P1_7==0) KeyNumber=4;
  39   1        if(P1_6==0) KeyNumber=8;
  40   1        if(P1_5==0) KeyNumber=12;
  41   1        if(P1_4==0) KeyNumber=16;
  42   1        P1_0=1;
  43   1        
  44   1        return KeyNumber;
  45   1      }
  46          
  47          unsigned char MatrixKey()
  48          {
  49   1        unsigned char KeyNumber=0;
  50   1        static unsigned char State=0;
  51   1        KeyNumber=MatrixKey_GetState();
  52   1        
  53   1        if(KeyNumber)
  54   1        {
C51 COMPILER V9.54   MATRIXKEY                                                             11/26/2025 18:12:32 PAGE 2   

  55   2          Delay(20);
  56   2          if(MatrixKey_GetState()==KeyNumber&&State==0)
  57   2          {
  58   3            State=1;
  59   3            return KeyNumber;
  60   3          }
  61   2        }
  62   1        else
  63   1        {
  64   2          State=0;
  65   2        }
  66   1        return 0;
  67   1      }


MODULE INFORMATION:   STATIC OVERLAYABLE
   CODE SIZE        =    143    ----
   CONSTANT SIZE    =   ----    ----
   XDATA SIZE       =   ----    ----
   PDATA SIZE       =   ----    ----
   DATA SIZE        =      1       1
   IDATA SIZE       =   ----    ----
   BIT SIZE         =   ----    ----
END OF MODULE INFORMATION.


C51 COMPILATION COMPLETE.  0 WARNING(S),  0 ERROR(S)
