C51 COMPILER V9.54   OLEDDISPLAY                                                           12/05/2025 19:12:46 PAGE 1   


C51 COMPILER V9.54, COMPILATION OF MODULE OLEDDISPLAY
OBJECT MODULE PLACED IN .\Objects\OledDisplay.obj
COMPILER INVOKED BY: D:\Program Files\Keil_v5\C51\BIN\C51.EXE OledDisplay.c LARGE OPTIMIZE(8,SPEED) BROWSE DEBUG OBJECTE
                    -XTEND PRINT(.\Listings\OledDisplay.lst) TABS(2) OBJECT(.\Objects\OledDisplay.obj)

line level    source

   1          #include <REGX52.H>
   2          #include <INTRINS.H>
   3          #include <oled.h>
   4          #include "GrayscaleSensor.h"
   5          #include "Mpu6050.h"
   6          
   7          void OledDisplay_Home(void)
   8          {
   9   1        unsigned char i;
  10   1        unsigned char SensorSum=0;
  11   1        unsigned char Sensor[8];
  12   1        
  13   1        OLED_ShowCHinese(42,0,0);
  14   1        OLED_ShowCHinese(64,0,1);
  15   1        
  16   1        
  17   1        OLED_ShowFloat(0, 5, -3.141, 3, 8);
  18   1        OLED_ShowFloat(0, 6, -0.56, 2, 8);
  19   1        OLED_ShowNum_Auto(0, 7, 34, 8);
  20   1      
  21   1        
  22   1        while(1)
  23   1        {
  24   2          SensorSum=GrayscaleSensor_ReadByte();
  25   2          for(i=8;i>0;i--)
  26   2          {
  27   3            Sensor[i-1]=(SensorSum>>(i-1))&0x01;
  28   3            OLED_ShowNum(17*(i-1)+1,2,Sensor[i-1],1,16);
  29   3          }
  30   2          OLED_ShowNum_Auto(0, 4,GetData(ACCEL_XOUT_H), 8);
  31   2        }
  32   1      }


MODULE INFORMATION:   STATIC OVERLAYABLE
   CODE SIZE        =    217    ----
   CONSTANT SIZE    =   ----    ----
   XDATA SIZE       =   ----      10
   PDATA SIZE       =   ----    ----
   DATA SIZE        =   ----    ----
   IDATA SIZE       =   ----    ----
   BIT SIZE         =   ----    ----
END OF MODULE INFORMATION.


C51 COMPILATION COMPLETE.  0 WARNING(S),  0 ERROR(S)
