C51 COMPILER V9.54   TASK7                                                                 12/27/2025 22:22:19 PAGE 1   


C51 COMPILER V9.54, COMPILATION OF MODULE TASK7
OBJECT MODULE PLACED IN .\Objects\Task7.obj
COMPILER INVOKED BY: D:\Program Files\Keil_v5\C51\BIN\C51.EXE Task7.c OPTIMIZE(8,SPEED) BROWSE DEBUG OBJECTEXTEND PRINT(
                    -.\Listings\Task7.lst) TABS(2) OBJECT(.\Objects\Task7.obj)

line level    source

   1          #include <REGX52.H>
   2          #include "oled.h"
   3          #include "Key.h"
   4          #include "Motor.h"
   5          #include "Delay.h"
   6          #include "GrayscaleSensor.h"
   7          #include "UART_JY61P.h"
   8          #include "Motor_PID.h"
   9          #include "Gyro_PID.h"
  10          #include "Driving.h"
  11          
  12          unsigned char Task7_KeyNumber;
  13          
  14          unsigned char Task7()
  15          {
  16   1        unsigned int i=0;
  17   1        last_error = 0;
  18   1        Base_Speed=20;
  19   1        
  20   1        OLED_Clear();
  21   1        OLED_ShowString(44,0,"Task7",16);
  22   1        
  23   1        //陀螺仪校准
  24   1        OLED_ShowString(36,3,"Calib..",16);
  25   1        Motor_Init();
  26   1        Delay(100);
  27   1        Reset_Gyro_PID();
  28   1        
  29   1        OLED_ShowString(36,3,"       ",16);
  30   1        OLED_ShowString(36,3,"Running",16);
  31   1        
  32   1        Motor_Set(Base_Speed,Base_Speed);
  33   1        
  34   1        while(1)
  35   1        {
  36   2          Task7_KeyNumber=Key();
  37   2          if(Task7_KeyNumber)
  38   2          {
  39   3            switch(Task7_KeyNumber)
  40   3            {
  41   4              case 4:Motor_Set(0,0);return 1;break;
  42   4              case 5:Motor_Set(0,0);return 0;break;
  43   4            }
  44   3          }
  45   2          
  46   2          PID_Control_Loop();
  47   2          while(!All_Black_Flag())
  48   2          {
  49   3            Get_NewVal();
  50   3            PID_Gyro_Straight_Loop();
  51   3          }
  52   2          AV_Prompt();
  53   2          Motor_Set(15,15);
  54   2          Delay(200);
C51 COMPILER V9.54   TASK7                                                                 12/27/2025 22:22:19 PAGE 2   

  55   2          //到达直线终点
  56   2          
  57   2          Turn_Right_90();
  58   2          
  59   2          Motor_Set(20,20);
  60   2          Delay(550);
  61   2          
  62   2          AV_Prompt();
  63   2          Forward_ABit();
  64   2          //到达A点
  65   2          
  66   2          Motor_Set(-20,20);
  67   2          Delay(230);
  68   2          
  69   2          PID_Control_Loop();
  70   2          
  71   2          Base_Speed=20;
  72   2          while(!All_Black_Flag())
  73   2          {
  74   3            PID_Control_Loop();
  75   3          }
  76   2          //到达D点
  77   2          AV_Prompt();
  78   2          Forward_ABit();
  79   2          Base_Speed=12;
  80   2          PID_Control_Loop();
  81   2          while(!All_Black_Flag())
  82   2          {
  83   3            PID_Control_Loop();
  84   3          }
  85   2          //到达C点
  86   2          AV_Prompt();
  87   2          Forward_ABit();
  88   2          Base_Speed=20;
  89   2          PID_Control_Loop();
  90   2          
  91   2          while(!All_White_Flag())
  92   2          {
  93   3            PID_Control_Loop();
  94   3          }
  95   2          //到达B点  
  96   2          AV_Prompt();
  97   2          
  98   2          Base_Speed=18;
  99   2          while(All_White_Flag())
 100   2          {
 101   3            Get_NewVal();
 102   3            PID_Gyro_Straight_Loop();
 103   3          }
 104   2          AV_Prompt();
 105   2          while(1)
 106   2          {
 107   3            Task7_KeyNumber=Key();
 108   3            if(Task7_KeyNumber)
 109   3            {
 110   4              switch(Task7_KeyNumber)
 111   4              {
 112   5                case 4:Motor_Set(0,0);return 1;break;
 113   5                case 5:Motor_Set(0,0);return 0;break;
 114   5              }
 115   4            }
 116   3          }
C51 COMPILER V9.54   TASK7                                                                 12/27/2025 22:22:19 PAGE 3   

 117   2        }
 118   1      }
 119          
 120          


MODULE INFORMATION:   STATIC OVERLAYABLE
   CODE SIZE        =    310    ----
   CONSTANT SIZE    =     30    ----
   XDATA SIZE       =   ----    ----
   PDATA SIZE       =   ----    ----
   DATA SIZE        =      1       2
   IDATA SIZE       =   ----    ----
   BIT SIZE         =   ----    ----
END OF MODULE INFORMATION.


C51 COMPILATION COMPLETE.  0 WARNING(S),  0 ERROR(S)
