C51 COMPILER V9.54   TASK5                                                                 12/25/2025 21:48:40 PAGE 1   


C51 COMPILER V9.54, COMPILATION OF MODULE TASK5
OBJECT MODULE PLACED IN .\Objects\Task5.obj
COMPILER INVOKED BY: D:\Program Files\Keil_v5\C51\BIN\C51.EXE Task5.c OPTIMIZE(8,SPEED) BROWSE DEBUG OBJECTEXTEND PRINT(
                    -.\Listings\Task5.lst) TABS(2) OBJECT(.\Objects\Task5.obj)

line level    source

   1          #include <REGX52.H>
   2          #include "oled.h"
   3          #include "Key.h"
   4          #include "Motor.h"
   5          #include "Delay.h"
   6          #include "GrayscaleSensor.h"
   7          #include "UART_JY61P.h"
   8          #include "Motor_PID.h"
   9          #include "Gyro_PID.h"
  10          #include "Driving.h"
  11          
  12          unsigned char Task5_KeyNumber;
  13          
  14          unsigned char Task5()
  15          {
  16   1        last_error = 0;
  17   1        Base_Speed=22;
  18   1        
  19   1        OLED_Clear();
  20   1        OLED_ShowString(44,0,"Task5",16);
  21   1        OLED_ShowString(36,3,"Calib..",16);
  22   1        Motor_Init();
  23   1        Delay(100);
  24   1        Reset_Gyro_PID();
  25   1        
  26   1        OLED_ShowString(36,3,"       ",16);
  27   1        OLED_ShowString(36,3,"Running",16);
  28   1        
  29   1        Motor_Set(Base_Speed,Base_Speed);
  30   1        
  31   1        while(1)
  32   1        {
  33   2          Task5_KeyNumber=Key();
  34   2          if(Task5_KeyNumber)
  35   2          {
  36   3            switch(Task5_KeyNumber)
  37   3            {
  38   4              case 4:Motor_Set(0,0);return 1;break;
  39   4              case 5:Motor_Set(0,0);return 0;break;
  40   4            }
  41   3          }
  42   2          
  43   2          PID_Control_Loop();
  44   2          
  45   2          if (All_Black_Flag())//到达D点
  46   2          {
  47   3            AV_Prompt();
  48   3            Forward_ABit();
  49   3            Base_Speed=12;
  50   3            PID_Control_Loop();
  51   3            while(!All_Black_Flag())
  52   3            {
  53   4              PID_Control_Loop();
  54   4            }
C51 COMPILER V9.54   TASK5                                                                 12/25/2025 21:48:40 PAGE 2   

  55   3            //到达C点
  56   3            AV_Prompt();
  57   3            Forward_ABit();
  58   3            Base_Speed=18;
  59   3            PID_Control_Loop();
  60   3            while(!All_White_Flag())
  61   3            {
  62   4              PID_Control_Loop();
  63   4            }
  64   3            //到达B点  
  65   3            AV_Prompt();
  66   3            
  67   3            while(All_White_Flag())
  68   3            {
  69   4              Get_NewVal();
  70   4              PID_Gyro_Straight_Loop();
  71   4            }
  72   3            AV_Prompt();
  73   3            
  74   3            while(1)
  75   3            {
  76   4              Task5_KeyNumber=Key();
  77   4              if(Task5_KeyNumber)
  78   4              {
  79   5                switch(Task5_KeyNumber)
  80   5                {
  81   6                  case 4:Motor_Set(0,0);return 1;break;
  82   6                  case 5:Motor_Set(0,0);return 0;break;
  83   6                }
  84   5              }
  85   4            }
  86   3          }
  87   2        }
  88   1      }
  89          
  90          


MODULE INFORMATION:   STATIC OVERLAYABLE
   CODE SIZE        =    222    ----
   CONSTANT SIZE    =     30    ----
   XDATA SIZE       =   ----    ----
   PDATA SIZE       =   ----    ----
   DATA SIZE        =      1    ----
   IDATA SIZE       =   ----    ----
   BIT SIZE         =   ----    ----
END OF MODULE INFORMATION.


C51 COMPILATION COMPLETE.  0 WARNING(S),  0 ERROR(S)
