C51 COMPILER V9.54   TIMER2                                                                12/24/2025 19:07:12 PAGE 1   


C51 COMPILER V9.54, COMPILATION OF MODULE TIMER2
OBJECT MODULE PLACED IN .\Objects\Timer2.obj
COMPILER INVOKED BY: D:\Program Files\Keil_v5\C51\BIN\C51.EXE Timer2.c OPTIMIZE(8,SPEED) BROWSE DEBUG OBJECTEXTEND PRINT
                    -(.\Listings\Timer2.lst) TABS(2) OBJECT(.\Objects\Timer2.obj)

line level    source

   1          #include <REGX52.H>
   2          
   3          /**
   4            * @brief  Timer2 initialization,1ms@11.0592MHz.
   5            * @param  none
   6            * @retval none
   7            */
   8          
   9          void Timer2Init()
  10          {
  11   1        T2MOD = 0;    //初始化模式寄存器
  12   1        T2CON = 0;    //初始化控制寄存器
  13   1        TL2 = 0x66;   //设置定时初值
  14   1        TH2 = 0xFC;   //设置定时初值
  15   1        RCAP2L = 0x66;    //设置定时重载值
  16   1        RCAP2H = 0xFC;    //设置定时重载值
  17   1        TR2 = 1;    //定时器2开始计时
  18   1        ET2=1;
  19   1        EA=1;
  20   1        PT2=0;
  21   1      }
  22          
  23          /*Timer interrupt function template.
  24          void Timer2_Routine() interrupt 5
  25          {
  26            static unsigned int T0Count;
  27            TL2 = 0x18;
  28            TH2 = 0xFC;
  29            T2Count++;
  30            if(T2Count==1000)
  31            {
  32              T2Count=0;
  33              
  34            }
  35          }
  36          */


MODULE INFORMATION:   STATIC OVERLAYABLE
   CODE SIZE        =     26    ----
   CONSTANT SIZE    =   ----    ----
   XDATA SIZE       =   ----    ----
   PDATA SIZE       =   ----    ----
   DATA SIZE        =   ----    ----
   IDATA SIZE       =   ----    ----
   BIT SIZE         =   ----    ----
END OF MODULE INFORMATION.


C51 COMPILATION COMPLETE.  0 WARNING(S),  0 ERROR(S)
