C51 COMPILER V9.54   TIMER0                                                                11/24/2025 16:17:08 PAGE 1   


C51 COMPILER V9.54, COMPILATION OF MODULE TIMER0
OBJECT MODULE PLACED IN .\Objects\Timer0.obj
COMPILER INVOKED BY: D:\Program Files\Keil_v5\C51\BIN\C51.EXE Timer0.c OPTIMIZE(8,SPEED) BROWSE DEBUG OBJECTEXTEND PRINT
                    -(.\Listings\Timer0.lst) TABS(2) OBJECT(.\Objects\Timer0.obj)

line level    source

   1          #include <REGX52.H>
   2          
   3          /**
   4            * @brief  Timer0 initialization,1ms@11.0592MHz.
   5            * @param  none
   6            * @retval none
   7            */
   8          
   9          void Timer0_Init()
  10          {
  11   1        TMOD &= 0xF0;   //设置定时器模式
  12   1        TMOD |= 0x01;   //设置定时器模式
  13   1        TL0 = 0x66;   //设置定时初值
  14   1        TH0 = 0xFC;   //设置定时初值
  15   1        TF0 = 0;    //清除TF0标志
  16   1        TR0 = 1;    //定时器0开始计时
  17   1        ET0=1;
  18   1        EA=1;
  19   1        PT0=0;
  20   1      }
  21          
  22          /*Timer interrupt function template.
  23          void Timer0_Routine() interrupt 1
  24          {
  25            static unsigned int T0Count;
  26            TL0 = 0xCD;
  27            TH0 = 0xD4;
  28            T0Count++;
  29            if(T0Count==1000)
  30            {
  31              T0Count=0;
  32              
  33            }
  34          }
  35          */


MODULE INFORMATION:   STATIC OVERLAYABLE
   CODE SIZE        =     23    ----
   CONSTANT SIZE    =   ----    ----
   XDATA SIZE       =   ----    ----
   PDATA SIZE       =   ----    ----
   DATA SIZE        =   ----    ----
   IDATA SIZE       =   ----    ----
   BIT SIZE         =   ----    ----
END OF MODULE INFORMATION.


C51 COMPILATION COMPLETE.  0 WARNING(S),  0 ERROR(S)
