C51 COMPILER V9.54   UART_JY61P                                                            12/25/2025 19:23:42 PAGE 1   


C51 COMPILER V9.54, COMPILATION OF MODULE UART_JY61P
OBJECT MODULE PLACED IN .\Objects\UART_JY61P.obj
COMPILER INVOKED BY: D:\Program Files\Keil_v5\C51\BIN\C51.EXE UART_JY61P.c OPTIMIZE(8,SPEED) BROWSE DEBUG OBJECTEXTEND P
                    -RINT(.\Listings\UART_JY61P.lst) TABS(2) OBJECT(.\Objects\UART_JY61P.obj)

line level    source

   1          #include <REGX52.H>
   2          
   3          // 接收缓冲区
   4          unsigned char idata Re_buf[11];
   5          unsigned char counter = 0;
   6          
   7          volatile short Raw_Yaw = 0;       
   8          short Raw_Yaw_Offset = 0; // 初始偏差值
   9          
  10          void UART_Init()
  11          {
  12   1        // 配置波特率 9600 (晶振 11.0592MHz)
  13   1        TMOD |= 0x20;   // 定时器1 模式2 (8位自动重装)
  14   1        PCON &= 0x7F;   // 波特率不倍增
  15   1        SCON = 0x50;    // 模式1，允许接收
  16   1        TH1 = 0xFD;     
  17   1        TL1 = 0xFD;
  18   1        TR1 = 1;        // 启动定时器1
  19   1        ES = 1;         // 开串口中断
  20   1        EA = 1;         // 开总中断
  21   1      }
  22          
  23          // 读取当前的原始值
  24          short Get_Raw_Yaw()
  25          {
  26   1        return Raw_Yaw;
  27   1      }
  28          
  29          // 记录当前的朝向作为“0点”
  30          void Reset_Yaw_Reference()
  31          {
  32   1        Raw_Yaw_Offset = Raw_Yaw;
  33   1      }
  34          
  35          // 获取相对偏差 (这就是 PID 的输入 Error)
  36          short Get_Relative_Yaw()
  37          {
  38   1        return Raw_Yaw - Raw_Yaw_Offset;
  39   1      }
  40          
  41          // 串口中断接收
  42          void UART_Routine() interrupt 4
  43          {
  44   1        unsigned char i, check_sum;
  45   1        
  46   1        if (RI)
  47   1        {
  48   2          RI = 0;
  49   2          if (counter == 0 && SBUF != 0x55) return; // 检查
  50   2          
  51   2          Re_buf[counter] = SBUF;
  52   2          counter++;
  53   2          
  54   2          if (counter == 11)
C51 COMPILER V9.54   UART_JY61P                                                            12/25/2025 19:23:42 PAGE 2   

  55   2          {
  56   3            counter = 0;
  57   3            // 校验和
  58   3            check_sum = 0;
  59   3            for(i=0; i<10; i++) check_sum += Re_buf[i];
  60   3            
  61   3            if(check_sum == Re_buf[10])
  62   3            {
  63   4              // 0x53 是角度包
  64   4              if(Re_buf[1] == 0x53)
  65   4              {
  66   5                //合成 short
  67   5                Raw_Yaw = (short)((Re_buf[7]<<8) | Re_buf[6]);
  68   5              }
  69   4            }
  70   3          }
  71   2        }
  72   1      }


MODULE INFORMATION:   STATIC OVERLAYABLE
   CODE SIZE        =    143    ----
   CONSTANT SIZE    =   ----    ----
   XDATA SIZE       =   ----    ----
   PDATA SIZE       =   ----    ----
   DATA SIZE        =      5    ----
   IDATA SIZE       =     11    ----
   BIT SIZE         =   ----    ----
END OF MODULE INFORMATION.


C51 COMPILATION COMPLETE.  0 WARNING(S),  0 ERROR(S)
